TN:
SF:/Users/gogoout/WebstormProjects/github/ngx-linkifyjs/projects/ngx-linkifyjs/src/lib/enum/linktype.enum.ts
FN:1,(anonymous_0)
FNF:1
FNH:1
FNDA:1,(anonymous_0)
DA:1,1
DA:2,1
DA:3,1
DA:4,1
DA:5,1
LF:5
LH:5
BRDA:1,0,0,1
BRDA:1,0,1,1
BRF:2
BRH:2
end_of_record
TN:
SF:/Users/gogoout/WebstormProjects/github/ngx-linkifyjs/projects/ngx-linkifyjs/src/lib/pipes/ngx-linkifyjs.pipe.ts
FN:11,(anonymous_0)
FNF:1
FNH:0
FNDA:0,(anonymous_0)
DA:1,1
DA:3,1
DA:9,1
DA:12,0
LF:4
LH:3
BRDA:12,0,0,0
BRDA:12,0,1,0
BRF:2
BRH:0
end_of_record
TN:
SF:/Users/gogoout/WebstormProjects/github/ngx-linkifyjs/projects/ngx-linkifyjs/src/lib/service/ngx-linkifyjs.service.ts
FN:19,(anonymous_0)
FN:37,(anonymous_1)
FN:48,(anonymous_2)
FN:57,(anonymous_3)
FNF:4
FNH:2
FNDA:16,(anonymous_0)
FNDA:0,(anonymous_1)
FNDA:2,(anonymous_2)
FNDA:0,(anonymous_3)
DA:1,1
DA:3,1
DA:5,1
DA:7,1
DA:10,1
DA:13,1
DA:18,1
DA:20,16
DA:21,16
DA:22,13
DA:23,13
DA:26,3
DA:27,0
DA:39,0
DA:49,2
DA:58,0
DA:59,0
DA:61,0
LF:18
LH:13
BRDA:21,0,0,13
BRDA:21,0,1,3
BRDA:26,1,0,0
BRDA:26,1,1,3
BRDA:58,2,0,0
BRDA:58,2,1,0
BRF:6
BRH:3
end_of_record
TN:
SF:/Users/gogoout/WebstormProjects/github/ngx-linkifyjs/projects/ngx-linkifyjs/src/lib/service/tokens.ts
FNF:0
FNH:0
DA:1,1
DA:4,1
LF:2
LH:2
BRF:0
BRH:0
end_of_record
