TN:
SF:/Users/anthonynahas/git/ngx-linkifyjs/projects/ngx-linkifyjs/src/lib/enum/linktype.enum.ts
FN:1,(anonymous_0)
FNF:1
FNH:1
FNDA:1,(anonymous_0)
DA:1,1
DA:2,1
DA:3,1
DA:4,1
DA:5,1
LF:5
LH:5
BRDA:1,0,0,1
BRDA:1,0,1,1
BRF:2
BRH:2
end_of_record
TN:
SF:/Users/anthonynahas/git/ngx-linkifyjs/projects/ngx-linkifyjs/src/lib/pipes/ngx-linkifyjs.pipe.ts
FN:11,(anonymous_0)
FNF:1
FNH:0
FNDA:0,(anonymous_0)
DA:1,1
DA:3,1
DA:9,1
DA:12,0
LF:4
LH:3
BRDA:12,0,0,0
BRDA:12,0,1,0
BRF:2
BRH:0
end_of_record
TN:
SF:/Users/anthonynahas/git/ngx-linkifyjs/projects/ngx-linkifyjs/src/lib/service/ngx-linkifyjs.service.ts
FN:8,(anonymous_0)
FN:17,(anonymous_1)
FN:27,(anonymous_2)
FN:36,(anonymous_3)
FNF:4
FNH:4
FNDA:16,(anonymous_0)
FNDA:3,(anonymous_1)
FNDA:8,(anonymous_2)
FNDA:3,(anonymous_3)
DA:1,1
DA:3,1
DA:7,1
DA:19,3
DA:28,8
DA:37,3
DA:38,2
DA:40,1
LF:8
LH:8
BRDA:37,0,0,2
BRDA:37,0,1,1
BRF:2
BRH:2
end_of_record
